Arguments: 
  C:\Program Files\nodejs\node.exe C:\Users\ianar\AppData\Roaming\npm\node_modules\yarn\bin\yarn.js init --y

PATH: 
  C:\WINDOWS\system32;C:\WINDOWS;C:\WINDOWS\System32\Wbem;C:\WINDOWS\System32\WindowsPowerShell\v1.0\;C:\WINDOWS\System32\OpenSSH\;C:\Program Files\Git\cmd;C:\Program Files\mingw-w64\x86_64-8.1.0-posix-seh-rt_v6-rev0\mingw64\bin;C:\Program Files\nodejs\;C:\Program Files\Docker\Docker\resources\bin;C:\ProgramData\DockerDesktop\version-bin;C:\Users\ianar\AppData\Local\Programs\Python\Python310\Scripts\;C:\Users\ianar\AppData\Local\Programs\Python\Python310\;C:\Users\ianar\AppData\Local\Microsoft\WindowsApps;C:\Users\ianar\AppData\Local\Programs\Microsoft VS Code\bin;C:\Users\ianar\AppData\Roaming\npm;C:\Program Files\JetBrains\PyCharm Community Edition 2022.2\bin

Yarn version: 
  1.22.17

Node version: 
  16.14.0

Platform: 
  win32 x64

Trace: 
  Error: canceled
      at Interface.<anonymous> (C:\Users\ianar\AppData\Roaming\npm\node_modules\yarn\lib\cli.js:137143:13)
      at Interface.emit (node:events:520:28)
      at Interface._ttyWrite (node:readline:1081:16)
      at ReadStream.onkeypress (node:readline:288:10)
      at ReadStream.emit (node:events:520:28)
      at emitKeys (node:internal/readline/utils:358:14)
      at emitKeys.next (<anonymous>)
      at ReadStream.onData (node:internal/readline/emitKeypressEvents:61:36)
      at ReadStream.emit (node:events:520:28)
      at addChunk (node:internal/streams/readable:315:12)

npm manifest: 
  No manifest

yarn manifest: 
  No manifest

Lockfile: 
  No lockfile
